<?xml version="1.0" encoding="utf-8"?><testsuites name="pytest tests"><testsuite name="pytest" errors="0" failures="0" skipped="0" tests="21" time="4.287" timestamp="2026-04-04T06:49:38.556235+00:00" hostname="agent-env-bc5c5897-6945-444d-b485-d5f2b2b3f6ab"><testcase classname="backend.tests.test_new_features.TestHealthAndBasics" name="test_health_check" time="0.120" /><testcase classname="backend.tests.test_new_features.TestHealthAndBasics" name="test_api_root" time="0.115" /><testcase classname="backend.tests.test_new_features.TestCouponsAPI" name="test_get_all_coupons" time="0.418" /><testcase classname="backend.tests.test_new_features.TestCouponsAPI" name="test_validate_coupon_welcome10" time="0.417" /><testcase classname="backend.tests.test_new_features.TestCouponsAPI" name="test_validate_coupon_save50" time="0.400" /><testcase classname="backend.tests.test_new_features.TestCouponsAPI" name="test_validate_coupon_freedelivery" time="0.391" /><testcase classname="backend.tests.test_new_features.TestCouponsAPI" name="test_validate_invalid_coupon" time="0.402" /><testcase classname="backend.tests.test_new_features.TestCouponsAPI" name="test_validate_coupon_min_order_not_met" time="0.410" /><testcase classname="backend.tests.test_new_features.TestReviewsAPI" name="test_get_product_reviews" time="0.105" /><testcase classname="backend.tests.test_new_features.TestReviewsAPI" name="test_create_and_get_review" time="0.195" /><testcase classname="backend.tests.test_new_features.TestAnalyticsAPI" name="test_get_analytics_overview" time="0.104" /><testcase classname="backend.tests.test_new_features.TestAnalyticsAPI" name="test_get_revenue_chart" time="0.104" /><testcase classname="backend.tests.test_new_features.TestAnalyticsAPI" name="test_get_top_products" time="0.104" /><testcase classname="backend.tests.test_new_features.TestAnalyticsAPI" name="test_get_top_farms" time="0.104" /><testcase classname="backend.tests.test_new_features.TestAnalyticsAPI" name="test_get_order_status_distribution" time="0.096" /><testcase classname="backend.tests.test_new_features.TestFarmerManagementAPI" name="test_get_farmer_stats" time="0.097" /><testcase classname="backend.tests.test_new_features.TestFarmerManagementAPI" name="test_get_farmer_products" time="0.099" /><testcase classname="backend.tests.test_new_features.TestFarmerManagementAPI" name="test_get_farmer_orders" time="0.091" /><testcase classname="backend.tests.test_new_features.TestProductsAndFarmsBasics" name="test_products_exist" time="0.097" /><testcase classname="backend.tests.test_new_features.TestProductsAndFarmsBasics" name="test_farms_exist" time="0.091" /><testcase classname="backend.tests.test_new_features.TestProductsAndFarmsBasics" name="test_get_single_product" time="0.216" /></testsuite></testsuites>