<?xml version="1.0" encoding="utf-8"?><testsuites name="pytest tests"><testsuite name="pytest" errors="0" failures="0" skipped="0" tests="21" time="1.924" timestamp="2026-04-04T07:09:00.309062+00:00" hostname="agent-env-bc5c5897-6945-444d-b485-d5f2b2b3f6ab"><testcase classname="tests.test_iteration2_features.TestHealthAndBasics" name="test_health_endpoint" time="0.226" /><testcase classname="tests.test_iteration2_features.TestHealthAndBasics" name="test_root_api_endpoint" time="0.093" /><testcase classname="tests.test_iteration2_features.TestProducts" name="test_get_products_returns_32" time="0.048" /><testcase classname="tests.test_iteration2_features.TestProducts" name="test_product_structure" time="0.046" /><testcase classname="tests.test_iteration2_features.TestFarms" name="test_get_farms_returns_10" time="0.048" /><testcase classname="tests.test_iteration2_features.TestFarms" name="test_farm_structure" time="0.045" /><testcase classname="tests.test_iteration2_features.TestCategories" name="test_get_categories_returns_4" time="0.046" /><testcase classname="tests.test_iteration2_features.TestCoupons" name="test_get_coupons_returns_3" time="0.050" /><testcase classname="tests.test_iteration2_features.TestCoupons" name="test_validate_welcome10_coupon" time="0.108" /><testcase classname="tests.test_iteration2_features.TestCoupons" name="test_validate_invalid_coupon" time="0.103" /><testcase classname="tests.test_iteration2_features.TestCoupons" name="test_validate_coupon_min_order_not_met" time="0.107" /><testcase classname="tests.test_iteration2_features.TestAnalytics" name="test_analytics_overview" time="0.052" /><testcase classname="tests.test_iteration2_features.TestAnalytics" name="test_revenue_chart" time="0.050" /><testcase classname="tests.test_iteration2_features.TestAnalytics" name="test_top_products" time="0.048" /><testcase classname="tests.test_iteration2_features.TestAdminStats" name="test_admin_stats" time="0.050" /><testcase classname="tests.test_iteration2_features.TestImageUpload" name="test_upload_jpg_image" time="0.143" /><testcase classname="tests.test_iteration2_features.TestImageUpload" name="test_upload_txt_file_rejected" time="0.103" /><testcase classname="tests.test_iteration2_features.TestImageUpload" name="test_uploaded_file_accessible" time="0.204" /><testcase classname="tests.test_iteration2_features.TestEmails" name="test_send_test_email" time="0.099" /><testcase classname="tests.test_iteration2_features.TestEmails" name="test_get_sent_emails" time="0.049" /><testcase classname="tests.test_iteration2_features.TestReviews" name="test_get_product_reviews" time="0.100" /></testsuite></testsuites>